TN:
SF:classifyNumbers.js
FN:1,classifyNumbers
FN:6,(anonymous_1)
FNF:2
FNH:2
FNDA:1,classifyNumbers
FNDA:5,(anonymous_1)
DA:2,1
DA:6,5
DA:8,1
DA:9,5
DA:11,5
DA:12,4
DA:13,1
DA:14,1
DA:17,5
DA:18,2
DA:20,5
DA:21,1
DA:23,5
DA:24,1
DA:26,5
DA:27,1
DA:31,1
DA:34,1
LF:18
LH:18
BRDA:11,0,0,4
BRDA:11,0,1,1
BRDA:13,1,0,1
BRDA:13,1,1,0
BRDA:17,2,0,2
BRDA:17,2,1,3
BRDA:17,3,0,5
BRDA:17,3,1,5
BRDA:20,4,0,1
BRDA:20,4,1,4
BRDA:20,5,0,5
BRDA:20,5,1,3
BRDA:23,6,0,1
BRDA:23,6,1,4
BRDA:23,7,0,5
BRDA:23,7,1,2
BRDA:26,8,0,1
BRDA:26,8,1,4
BRDA:26,9,0,5
BRDA:26,9,1,5
BRF:20
BRH:19
end_of_record
TN:
SF:withdrawal.js
FN:1,withdrawal
FNF:1
FNH:1
FNDA:1,withdrawal
DA:2,1
DA:4,1
DA:5,1
DA:6,1
DA:7,1
DA:9,0
DA:12,1
DA:13,1
DA:14,1
DA:15,1
DA:17,0
DA:20,1
DA:21,0
DA:22,0
DA:23,0
DA:25,1
DA:28,1
DA:29,1
DA:30,1
DA:32,0
DA:35,1
DA:39,1
LF:22
LH:16
BRDA:4,0,0,1
BRDA:4,0,1,0
BRDA:12,1,0,1
BRDA:12,1,1,0
BRDA:20,2,0,0
BRDA:20,2,1,1
BRDA:28,3,0,1
BRDA:28,3,1,0
BRF:8
BRH:4
end_of_record
